-- The C compiler identification is GNU 13.3.0
-- The CXX compiler identification is GNU 13.3.0
-- Detecting C compiler ABI info
-- Detecting C compiler ABI info - done
-- Check for working C compiler: /usr/bin/cc - skipped
-- Detecting C compile features
-- Detecting C compile features - done
-- Detecting CXX compiler ABI info
-- Detecting CXX compiler ABI info - done
-- Check for working CXX compiler: /usr/bin/c++ - skipped
-- Detecting CXX compile features
-- Detecting CXX compile features - done
[0mCMAKE_BUILD_TYPE=Release[0m
-- Found Git: /usr/bin/git (found version "2.43.0") 
-- The ASM compiler identification is GNU
-- Found assembler: /usr/bin/cc
-- Performing Test CMAKE_HAVE_LIBC_PTHREAD
-- Performing Test CMAKE_HAVE_LIBC_PTHREAD - Success
-- Found Threads: TRUE  
-- ccache found, compilation results will be cached. Disable with GGML_CCACHE=OFF.
-- CMAKE_SYSTEM_PROCESSOR: x86_64
-- GGML_SYSTEM_ARCH: x86
-- Found OpenMP_C: -fopenmp (found version "4.5") 
-- Found OpenMP_CXX: -fopenmp (found version "4.5") 
-- Found OpenMP: TRUE (found version "4.5")  
-- Including CPU backend
-- x86 detected
-- Adding CPU backend variant ggml-cpu: -march=native 
[31mCMake Error at ggml/src/ggml-openvino/CMakeLists.txt:1 (find_package):
  By not providing "FindOpenVINO.cmake" in CMAKE_MODULE_PATH this project has
  asked CMake to find a package configuration file provided by "OpenVINO",
  but CMake did not find one.

  Could not find a package configuration file provided by "OpenVINO" with any
  of the following names:

    OpenVINOConfig.cmake
    openvino-config.cmake

  Add the installation prefix of "OpenVINO" to CMAKE_PREFIX_PATH or set
  "OpenVINO_DIR" to a directory containing one of the above files.  If
  "OpenVINO" provides a separate development package or SDK, be sure it has
  been installed.

[0m
-- Configuring incomplete, errors occurred!
