[Make] Initializing Vulkan SPIR-V compilation inside: build/vulkan_debug
[Make] Log Target Destination: /home/fekerr/src/irislime/logs/builds/vulkan_debug/build_20260710_024008.log
[!] Vulkan Compilation Macro Failed. Inspect /home/fekerr/src/irislime/logs/builds/vulkan_debug/build_20260710_024008.log
make: *** [infra/make/vulkan.mk:20: build-vulkan] Error 1
done
-- Check for working C compiler: /usr/bin/cc - skipped
-- Detecting C compile features
-- Detecting C compile features - done
-- Detecting CXX compiler ABI info
-- Detecting CXX compiler ABI info - done
-- Check for working CXX compiler: /usr/bin/c++ - skipped
-- Detecting CXX compile features
-- Detecting CXX compile features - done
CMAKE_BUILD_TYPE=RelWithDebInfo
-- Found Git: /usr/bin/git (found version "2.53.0")
-- The ASM compiler identification is GNU
-- Found assembler: /usr/bin/cc
-- Performing Test CMAKE_HAVE_LIBC_PTHREAD
-- Performing Test CMAKE_HAVE_LIBC_PTHREAD - Success
-- Found Threads: TRUE
-- ccache found, compilation results will be cached. Disable with GGML_CCACHE=OFF.
-- CMAKE_SYSTEM_PROCESSOR: x86_64
-- GGML_SYSTEM_ARCH: x86
-- Found OpenMP_C: -fopenmp (found version "4.5")
-- Found OpenMP_CXX: -fopenmp (found version "4.5")
-- Found OpenMP: TRUE (found version "4.5")
-- Including CPU backend
-- x86 detected
-- Adding CPU backend variant ggml-cpu: -march=native 
CMake Error at /usr/share/cmake-4.2/Modules/FindPackageHandleStandardArgs.cmake:290 (message):
  Could NOT find Vulkan (missing: Vulkan_LIBRARY Vulkan_INCLUDE_DIR glslc)
  (found version "")
Call Stack (most recent call first):
  /usr/share/cmake-4.2/Modules/FindPackageHandleStandardArgs.cmake:654 (_FPHSA_FAILURE_MESSAGE)
  /usr/share/cmake-4.2/Modules/FindVulkan.cmake:694 (find_package_handle_standard_args)
  ggml/src/ggml-vulkan/CMakeLists.txt:9 (find_package)


-- Configuring incomplete, errors occurred!
